[debug] [2023-02-05T08:00:48.945Z] ----------------------------------------------------------------------
[debug] [2023-02-05T08:00:48.949Z] Command:       C:\Program Files\nodejs\node.exe C:\Users\Rajveer Singh\AppData\Roaming\npm\node_modules\firebase-tools\lib\bin\firebase.js init
[debug] [2023-02-05T08:00:48.951Z] CLI Version:   11.22.0
[debug] [2023-02-05T08:00:48.951Z] Platform:      win32
[debug] [2023-02-05T08:00:48.952Z] Node Version:  v18.13.0
[debug] [2023-02-05T08:00:48.954Z] Time:          Sun Feb 05 2023 13:30:48 GMT+0530 (India Standard Time)
[debug] [2023-02-05T08:00:48.954Z] ----------------------------------------------------------------------
[debug] 
[debug] [2023-02-05T08:00:48.962Z] >>> [apiv2][query] GET https://firebase-public.firebaseio.com/cli.json [none]
[debug] [2023-02-05T08:00:49.214Z] > command requires scopes: ["email","openid","https://www.googleapis.com/auth/cloudplatformprojects.readonly","https://www.googleapis.com/auth/firebase","https://www.googleapis.com/auth/cloud-platform"]
[debug] [2023-02-05T08:00:49.214Z] > authorizing via signed-in user (rajveer810214@gmail.com)
[info] 
     ######## #### ########  ######## ########     ###     ######  ########
     ##        ##  ##     ## ##       ##     ##  ##   ##  ##       ##
     ######    ##  ########  ######   ########  #########  ######  ######
     ##        ##  ##    ##  ##       ##     ## ##     ##       ## ##
     ##       #### ##     ## ######## ########  ##     ##  ######  ########

You're about to initialize a Firebase project in this directory:

  C:\Users\Rajveer Singh

Before we get started, keep in mind:

  * You are initializing within an existing Firebase project directory

[debug] [2023-02-05T08:00:50.376Z] <<< [apiv2][status] GET https://firebase-public.firebaseio.com/cli.json 200
[debug] [2023-02-05T08:00:50.377Z] <<< [apiv2][body] GET https://firebase-public.firebaseio.com/cli.json {"cloudBuildErrorAfter":1594252800000,"cloudBuildWarnAfter":1590019200000,"defaultNode10After":1594252800000,"minVersion":"3.0.5","node8DeploysDisabledAfter":1613390400000,"node8RuntimeDisabledAfter":1615809600000,"node8WarnAfter":1600128000000}
